<?xml version="1.0" encoding="UTF-8"?>
<coverage generated="1680691577830" clover="3.2.0">
  <project timestamp="1680691577830" name="All files">
    <metrics statements="17" coveredstatements="15" conditionals="0" coveredconditionals="0" methods="7" coveredmethods="5" elements="24" coveredelements="20" complexity="0" loc="17" ncloc="17" packages="1" files="1" classes="1"/>
    <file name="HomeScreen.tsx" path="/home/jayesh/Desktop/Assignments/pokeApp/screens/HomeScreen.tsx">
      <metrics statements="17" coveredstatements="15" conditionals="0" coveredconditionals="0" methods="7" coveredmethods="5"/>
      <line num="1" count="1" type="stmt"/>
      <line num="2" count="1" type="stmt"/>
      <line num="12" count="1" type="stmt"/>
      <line num="43" count="4" type="stmt"/>
      <line num="44" count="4" type="stmt"/>
      <line num="56" count="4" type="stmt"/>
      <line num="57" count="3" type="stmt"/>
      <line num="60" count="4" type="stmt"/>
      <line num="61" count="1" type="stmt"/>
      <line num="66" count="1" type="stmt"/>
      <line num="68" count="0" type="stmt"/>
      <line num="74" count="0" type="stmt"/>
      <line num="78" count="4" type="stmt"/>
      <line num="79" count="1" type="stmt"/>
      <line num="84" count="8" type="stmt"/>
      <line num="102" count="1" type="stmt"/>
      <line num="123" count="1" type="stmt"/>
    </file>
  </project>
</coverage>
