{"/home/jayesh/Desktop/Assignments/pokeApp/screens/HomeScreen.tsx": {"path":"/home/jayesh/Desktop/Assignments/pokeApp/screens/HomeScreen.tsx","statementMap":{"0":{"start":{"line":27,"column":4},"end":{"line":27,"column":17}},"1":{"start":{"line":28,"column":4},"end":{"line":30,"column":6}},"2":{"start":{"line":33,"column":17},"end":{"line":35,"column":3}},"3":{"start":{"line":34,"column":4},"end":{"line":34,"column":38}},"4":{"start":{"line":37,"column":17},"end":{"line":53,"column":3}},"5":{"start":{"line":38,"column":19},"end":{"line":41,"column":5}},"6":{"start":{"line":43,"column":4},"end":{"line":52,"column":7}},"7":{"start":{"line":45,"column":21},"end":{"line":50,"column":24}},"8":{"start":{"line":45,"column":64},"end":{"line":50,"column":7}},"9":{"start":{"line":51,"column":6},"end":{"line":51,"column":61}},"10":{"start":{"line":55,"column":16},"end":{"line":58,"column":3}},"11":{"start":{"line":56,"column":4},"end":{"line":56,"column":36}},"12":{"start":{"line":61,"column":4},"end":{"line":75,"column":6}},"13":{"start":{"line":79,"column":15},"end":{"line":98,"column":2}}},"fnMap":{"0":{"name":"(anonymous_0)","decl":{"start":{"line":26,"column":2},"end":{"line":26,"column":3}},"loc":{"start":{"line":26,"column":28},"end":{"line":31,"column":3}},"line":26},"1":{"name":"(anonymous_1)","decl":{"start":{"line":33,"column":17},"end":{"line":33,"column":18}},"loc":{"start":{"line":33,"column":35},"end":{"line":35,"column":3}},"line":33},"2":{"name":"(anonymous_2)","decl":{"start":{"line":37,"column":17},"end":{"line":37,"column":18}},"loc":{"start":{"line":37,"column":29},"end":{"line":53,"column":3}},"line":37},"3":{"name":"(anonymous_3)","decl":{"start":{"line":43,"column":29},"end":{"line":43,"column":30}},"loc":{"start":{"line":43,"column":58},"end":{"line":52,"column":5}},"line":43},"4":{"name":"(anonymous_4)","decl":{"start":{"line":45,"column":22},"end":{"line":45,"column":23}},"loc":{"start":{"line":45,"column":64},"end":{"line":50,"column":7}},"line":45},"5":{"name":"(anonymous_5)","decl":{"start":{"line":55,"column":16},"end":{"line":55,"column":17}},"loc":{"start":{"line":55,"column":22},"end":{"line":58,"column":3}},"line":55},"6":{"name":"(anonymous_6)","decl":{"start":{"line":60,"column":2},"end":{"line":60,"column":3}},"loc":{"start":{"line":60,"column":11},"end":{"line":76,"column":3}},"line":60}},"branchMap":{},"s":{"0":4,"1":4,"2":4,"3":3,"4":4,"5":1,"6":1,"7":0,"8":0,"9":0,"10":4,"11":1,"12":8,"13":1},"f":{"0":4,"1":3,"2":1,"3":0,"4":0,"5":1,"6":8},"b":{},"_coverageSchema":"1a1c01bbd47fc00a2c39e90264f33305004495a9","hash":"b08fcc7de9d5a046fbd6ae67cc7d9ac3f6fbd950"}
,"/home/jayesh/Desktop/Assignments/pokeApp/screens/InfoScreen.tsx": {"path":"/home/jayesh/Desktop/Assignments/pokeApp/screens/InfoScreen.tsx","statementMap":{"0":{"start":{"line":23,"column":4},"end":{"line":23,"column":17}},"1":{"start":{"line":24,"column":4},"end":{"line":26,"column":6}},"2":{"start":{"line":30,"column":19},"end":{"line":30,"column":42}},"3":{"start":{"line":31,"column":4},"end":{"line":38,"column":7}},"4":{"start":{"line":42,"column":4},"end":{"line":42,"column":47}},"5":{"start":{"line":43,"column":4},"end":{"line":53,"column":6}},"6":{"start":{"line":57,"column":15},"end":{"line":63,"column":2}}},"fnMap":{"0":{"name":"(anonymous_0)","decl":{"start":{"line":22,"column":2},"end":{"line":22,"column":3}},"loc":{"start":{"line":22,"column":28},"end":{"line":27,"column":3}},"line":22},"1":{"name":"(anonymous_1)","decl":{"start":{"line":29,"column":2},"end":{"line":29,"column":3}},"loc":{"start":{"line":29,"column":22},"end":{"line":39,"column":3}},"line":29},"2":{"name":"(anonymous_2)","decl":{"start":{"line":41,"column":2},"end":{"line":41,"column":3}},"loc":{"start":{"line":41,"column":11},"end":{"line":54,"column":3}},"line":41}},"branchMap":{},"s":{"0":2,"1":2,"2":2,"3":2,"4":4,"5":4,"6":1},"f":{"0":2,"1":2,"2":4},"b":{},"_coverageSchema":"1a1c01bbd47fc00a2c39e90264f33305004495a9","hash":"6a8b8c0b4489193c506291f1e1aba72efe927f66"}
}
