{"/home/jayesh/Desktop/Assignments/pokeApp/screens/HomeScreen.tsx": {"path":"/home/jayesh/Desktop/Assignments/pokeApp/screens/HomeScreen.tsx","statementMap":{"0":{"start":{"line":1,"column":0},"end":{"line":1,"column":39}},"1":{"start":{"line":2,"column":0},"end":{"line":2,"column":null}},"2":{"start":{"line":12,"column":0},"end":{"line":12,"column":43}},"3":{"start":{"line":43,"column":4},"end":{"line":43,"column":17}},"4":{"start":{"line":44,"column":4},"end":{"line":46,"column":6}},"5":{"start":{"line":56,"column":17},"end":{"line":58,"column":3}},"6":{"start":{"line":57,"column":4},"end":{"line":57,"column":38}},"7":{"start":{"line":60,"column":17},"end":{"line":76,"column":3}},"8":{"start":{"line":61,"column":19},"end":{"line":64,"column":6}},"9":{"start":{"line":66,"column":4},"end":{"line":75,"column":7}},"10":{"start":{"line":68,"column":21},"end":{"line":73,"column":24}},"11":{"start":{"line":68,"column":64},"end":{"line":73,"column":8}},"12":{"start":{"line":74,"column":6},"end":{"line":74,"column":61}},"13":{"start":{"line":78,"column":16},"end":{"line":81,"column":3}},"14":{"start":{"line":79,"column":4},"end":{"line":79,"column":36}},"15":{"start":{"line":84,"column":4},"end":{"line":98,"column":6}},"16":{"start":{"line":102,"column":15},"end":{"line":121,"column":2}},"17":{"start":{"line":123,"column":0},"end":{"line":123,"column":26}}},"fnMap":{"0":{"name":"(anonymous_7)","decl":{"start":{"line":42,"column":2},"end":{"line":42,"column":14}},"loc":{"start":{"line":42,"column":26},"end":{"line":47,"column":3}}},"1":{"name":"(anonymous_8)","decl":{"start":{"line":56,"column":17},"end":{"line":56,"column":18}},"loc":{"start":{"line":56,"column":34},"end":{"line":58,"column":3}}},"2":{"name":"(anonymous_9)","decl":{"start":{"line":60,"column":17},"end":{"line":60,"column":22}},"loc":{"start":{"line":60,"column":28},"end":{"line":76,"column":3}}},"3":{"name":"(anonymous_10)","decl":{"start":{"line":66,"column":29},"end":{"line":66,"column":30}},"loc":{"start":{"line":66,"column":57},"end":{"line":75,"column":5}}},"4":{"name":"(anonymous_11)","decl":{"start":{"line":68,"column":22},"end":{"line":68,"column":23}},"loc":{"start":{"line":68,"column":64},"end":{"line":73,"column":8}}},"5":{"name":"(anonymous_12)","decl":{"start":{"line":78,"column":16},"end":{"line":78,"column":19}},"loc":{"start":{"line":78,"column":21},"end":{"line":81,"column":3}}},"6":{"name":"(anonymous_13)","decl":{"start":{"line":83,"column":2},"end":{"line":83,"column":8}},"loc":{"start":{"line":83,"column":8},"end":{"line":99,"column":3}}}},"branchMap":{},"s":{"0":1,"1":1,"2":1,"3":4,"4":4,"5":4,"6":3,"7":4,"8":1,"9":1,"10":0,"11":0,"12":0,"13":4,"14":1,"15":8,"16":1,"17":1},"f":{"0":4,"1":3,"2":1,"3":0,"4":0,"5":1,"6":8},"b":{}}
}
