TN:
SF:screens/HomeScreen.tsx
FN:26,(anonymous_0)
FN:33,(anonymous_1)
FN:37,(anonymous_2)
FN:43,(anonymous_3)
FN:45,(anonymous_4)
FN:55,(anonymous_5)
FN:60,(anonymous_6)
FNF:7
FNH:5
FNDA:4,(anonymous_0)
FNDA:3,(anonymous_1)
FNDA:1,(anonymous_2)
FNDA:0,(anonymous_3)
FNDA:0,(anonymous_4)
FNDA:1,(anonymous_5)
FNDA:8,(anonymous_6)
DA:27,4
DA:28,4
DA:33,4
DA:34,3
DA:37,4
DA:38,1
DA:43,1
DA:45,0
DA:51,0
DA:55,4
DA:56,1
DA:61,8
DA:79,1
LF:13
LH:11
BRF:0
BRH:0
end_of_record
TN:
SF:screens/InfoScreen.tsx
FN:22,(anonymous_0)
FN:29,(anonymous_1)
FN:41,(anonymous_2)
FNF:3
FNH:3
FNDA:2,(anonymous_0)
FNDA:2,(anonymous_1)
FNDA:4,(anonymous_2)
DA:23,2
DA:24,2
DA:30,2
DA:31,2
DA:42,4
DA:43,4
DA:57,1
LF:7
LH:7
BRF:0
BRH:0
end_of_record
