TN:
SF:screens/HomeScreen.tsx
FN:42,(anonymous_7)
FN:56,(anonymous_8)
FN:60,(anonymous_9)
FN:66,(anonymous_10)
FN:68,(anonymous_11)
FN:78,(anonymous_12)
FN:83,(anonymous_13)
FNF:7
FNH:5
FNDA:4,(anonymous_7)
FNDA:3,(anonymous_8)
FNDA:1,(anonymous_9)
FNDA:0,(anonymous_10)
FNDA:0,(anonymous_11)
FNDA:1,(anonymous_12)
FNDA:8,(anonymous_13)
DA:1,1
DA:2,1
DA:12,1
DA:43,4
DA:44,4
DA:56,4
DA:57,3
DA:60,4
DA:61,1
DA:66,1
DA:68,0
DA:74,0
DA:78,4
DA:79,1
DA:84,8
DA:102,1
DA:123,1
LF:17
LH:15
BRF:0
BRH:0
end_of_record
